<?xml version="1.0" encoding="UTF-8"?>
<!-- Generated by org.testng.reporters.JUnitReportReporter -->
<testsuite hostname="DESKTOP-JPSNKQ1" failures="0" tests="5" name="TestCases.VehicleColorMasterTestCases" time="50.146" errors="0" timestamp="2022-01-05T11:32:27 IST" skipped="0">
  <testcase classname="TestCases.VehicleColorMasterTestCases" name="Login" time="1.954"/>
  <system-out/>
  <testcase classname="TestCases.VehicleColorMasterTestCases" name="gotoMenu" time="6.491"/>
  <system-out/>
  <testcase classname="TestCases.VehicleColorMasterTestCases" name="verifyTitle" time="0.046"/>
  <system-out/>
  <testcase classname="TestCases.VehicleColorMasterTestCases" name="checkSnackbar" time="30.201"/>
  <system-out/>
  <testcase classname="TestCases.VehicleColorMasterTestCases" name="checkAddButton" time="11.454"/>
  <system-out/>
</testsuite> <!-- TestCases.VehicleColorMasterTestCases -->
