<?xml version="1.0" encoding="UTF-8"?>
<!-- Generated by org.testng.reporters.JUnitReportReporter -->
<testsuite hostname="DESKTOP-JPSNKQ1" failures="0" tests="7" name="TestCases.VehicleColorMasterTestCases" time="27.559" errors="0" timestamp="2022-02-01T15:35:54 IST" skipped="0">
  <testcase classname="TestCases.VehicleColorMasterTestCases" name="Login" time="0.453"/>
  <system-out/>
  <testcase classname="TestCases.VehicleColorMasterTestCases" name="gotoMenu" time="5.538"/>
  <system-out/>
  <testcase classname="TestCases.VehicleColorMasterTestCases" name="verifyTitle" time="0.038"/>
  <system-out/>
  <testcase classname="TestCases.VehicleColorMasterTestCases" name="existData" time="3.507"/>
  <system-out/>
  <testcase classname="TestCases.VehicleColorMasterTestCases" name="editData" time="2.937"/>
  <system-out/>
  <testcase classname="TestCases.VehicleColorMasterTestCases" name="editExistData" time="2.854"/>
  <system-out/>
  <testcase classname="TestCases.VehicleColorMasterTestCases" name="deleteData" time="12.232"/>
  <system-out/>
</testsuite> <!-- TestCases.VehicleColorMasterTestCases -->
