<?xml version="1.0" encoding="UTF-8"?>
<!-- Generated by org.testng.reporters.JUnitReportReporter -->
<testsuite hostname="DESKTOP-JPSNKQ1" failures="0" tests="10" name="TestCases.PromotionMasterTestCases" time="32.523" errors="0" timestamp="2022-02-01T17:17:51 IST" skipped="0">
  <testcase classname="TestCases.PromotionMasterTestCases" name="Login" time="0.469"/>
  <system-out/>
  <testcase classname="TestCases.PromotionMasterTestCases" name="gotoMenu" time="6.623"/>
  <system-out/>
  <testcase classname="TestCases.PromotionMasterTestCases" name="verifyTitle" time="0.046"/>
  <system-out/>
  <testcase classname="TestCases.PromotionMasterTestCases" name="checkAddButton" time="1.313"/>
  <system-out/>
  <testcase classname="TestCases.PromotionMasterTestCases" name="checkErrorMsg" time="1.563"/>
  <system-out/>
  <testcase classname="TestCases.PromotionMasterTestCases" name="addData" time="3.112"/>
  <system-out/>
  <testcase classname="TestCases.PromotionMasterTestCases" name="existData" time="2.028"/>
  <system-out/>
  <testcase classname="TestCases.PromotionMasterTestCases" name="editData" time="2.777"/>
  <system-out/>
  <testcase classname="TestCases.PromotionMasterTestCases" name="editExistData" time="2.608"/>
  <system-out/>
  <testcase classname="TestCases.PromotionMasterTestCases" name="deleteData" time="11.984"/>
  <system-out/>
</testsuite> <!-- TestCases.PromotionMasterTestCases -->
