<?xml version="1.0" encoding="UTF-8"?>
<!-- Generated by org.testng.reporters.JUnitReportReporter -->
<testsuite hostname="DESKTOP-JPSNKQ1" failures="0" tests="8" name="TestCases.VehicleSetupMasterTestCases" time="38.427" errors="0" timestamp="2022-01-29T11:06:33 IST" skipped="0">
  <testcase classname="TestCases.VehicleSetupMasterTestCases" name="Login" time="0.463"/>
  <system-out/>
  <testcase classname="TestCases.VehicleSetupMasterTestCases" name="gotoMenu" time="5.736"/>
  <system-out/>
  <testcase classname="TestCases.VehicleSetupMasterTestCases" name="verifyTitle" time="0.052"/>
  <system-out/>
  <testcase classname="TestCases.VehicleSetupMasterTestCases" name="checkAddButton" time="1.662"/>
  <system-out/>
  <testcase classname="TestCases.VehicleSetupMasterTestCases" name="checkErrorMsg" time="5.167"/>
  <system-out/>
  <testcase classname="TestCases.VehicleSetupMasterTestCases" name="editData" time="6.410"/>
  <system-out/>
  <testcase classname="TestCases.VehicleSetupMasterTestCases" name="editExistData" time="6.763"/>
  <system-out/>
  <testcase classname="TestCases.VehicleSetupMasterTestCases" name="deleteData" time="12.174"/>
  <system-out/>
</testsuite> <!-- TestCases.VehicleSetupMasterTestCases -->
