<?xml version="1.0" encoding="UTF-8"?>
<!-- Generated by org.testng.reporters.JUnitReportReporter -->
<testsuite hostname="DESKTOP-JPSNKQ1" failures="0" tests="10" name="TestCases.PickupServiceMasterTestCases" time="29.998" errors="0" timestamp="2022-01-28T21:47:55 IST" skipped="0">
  <testcase classname="TestCases.PickupServiceMasterTestCases" name="Login" time="0.450"/>
  <system-out/>
  <testcase classname="TestCases.PickupServiceMasterTestCases" name="gotoMenu" time="5.269"/>
  <system-out/>
  <testcase classname="TestCases.PickupServiceMasterTestCases" name="verifyTitle" time="0.040"/>
  <system-out/>
  <testcase classname="TestCases.PickupServiceMasterTestCases" name="checkAddButton" time="1.114"/>
  <system-out/>
  <testcase classname="TestCases.PickupServiceMasterTestCases" name="checkErrorMsg" time="0.925"/>
  <system-out/>
  <testcase classname="TestCases.PickupServiceMasterTestCases" name="addData" time="2.317"/>
  <system-out/>
  <testcase classname="TestCases.PickupServiceMasterTestCases" name="existData" time="2.925"/>
  <system-out/>
  <testcase classname="TestCases.PickupServiceMasterTestCases" name="editData" time="2.107"/>
  <system-out/>
  <testcase classname="TestCases.PickupServiceMasterTestCases" name="editExistData" time="3.020"/>
  <system-out/>
  <testcase classname="TestCases.PickupServiceMasterTestCases" name="deleteData" time="11.831"/>
  <system-out/>
</testsuite> <!-- TestCases.PickupServiceMasterTestCases -->
