<?xml version="1.0" encoding="UTF-8"?>
<!-- Generated by org.testng.reporters.JUnitReportReporter -->
<testsuite hostname="DESKTOP-JPSNKQ1" failures="0" tests="8" name="TestCases.LoginTestCases" time="17.261" errors="0" timestamp="2022-02-02T16:17:04 IST" skipped="0">
  <testcase classname="TestCases.LoginTestCases" name="verifyTitle" time="2.546"/>
  <system-out/>
  <testcase classname="TestCases.LoginTestCases" name="checkButton" time="0.369"/>
  <system-out/>
  <testcase classname="TestCases.LoginTestCases" name="userRequire" time="0.897"/>
  <system-out/>
  <testcase classname="TestCases.LoginTestCases" name="passwordRequire" time="0.535"/>
  <system-out/>
  <testcase classname="TestCases.LoginTestCases" name="passwordLenght" time="0.486"/>
  <system-out/>
  <testcase classname="TestCases.LoginTestCases" name="Login0" time="4.826"/>
  <system-out/>
  <testcase classname="TestCases.LoginTestCases" name="Login1" time="3.075"/>
  <system-out/>
  <testcase classname="TestCases.LoginTestCases" name="Login2" time="4.527"/>
  <system-out/>
</testsuite> <!-- TestCases.LoginTestCases -->
