<?xml version="1.0" encoding="UTF-8"?>
<!-- Generated by org.testng.reporters.JUnitReportReporter -->
<testsuite hostname="DESKTOP-JPSNKQ1" failures="0" tests="5" name="TestCases.VehicleSubTestCases" time="10.761" errors="0" timestamp="2022-02-02T16:49:59 IST" skipped="0">
  <testcase classname="TestCases.VehicleSubTestCases" name="Login" time="5.599"/>
  <system-out/>
  <testcase classname="TestCases.VehicleSubTestCases" name="gotoMenu" time="1.062"/>
  <system-out/>
  <testcase classname="TestCases.VehicleSubTestCases" name="verifyTitle" time="0.264"/>
  <system-out/>
  <testcase classname="TestCases.VehicleSubTestCases" name="checkAddButton" time="1.500"/>
  <system-out/>
  <testcase classname="TestCases.VehicleSubTestCases" name="checkErrorMsg" time="2.336"/>
  <system-out/>
</testsuite> <!-- TestCases.VehicleSubTestCases -->
