<?xml version="1.0" encoding="UTF-8"?>
<!-- Generated by org.testng.reporters.JUnitReportReporter -->
<testsuite hostname="DESKTOP-JPSNKQ1" failures="0" tests="10" name="TestCases.VehicleSetupMasterTestCases" time="49.624" errors="0" timestamp="2022-02-01T17:41:43 IST" skipped="0">
  <testcase classname="TestCases.VehicleSetupMasterTestCases" name="Login" time="0.467"/>
  <system-out/>
  <testcase classname="TestCases.VehicleSetupMasterTestCases" name="gotoMenu" time="5.521"/>
  <system-out/>
  <testcase classname="TestCases.VehicleSetupMasterTestCases" name="verifyTitle" time="0.048"/>
  <system-out/>
  <testcase classname="TestCases.VehicleSetupMasterTestCases" name="checkAddButton" time="1.476"/>
  <system-out/>
  <testcase classname="TestCases.VehicleSetupMasterTestCases" name="checkErrorMsg" time="6.620"/>
  <system-out/>
  <testcase classname="TestCases.VehicleSetupMasterTestCases" name="addData" time="6.009"/>
  <system-out/>
  <testcase classname="TestCases.VehicleSetupMasterTestCases" name="existData" time="5.165"/>
  <system-out/>
  <testcase classname="TestCases.VehicleSetupMasterTestCases" name="editData" time="5.656"/>
  <system-out/>
  <testcase classname="TestCases.VehicleSetupMasterTestCases" name="editExistData" time="6.929"/>
  <system-out/>
  <testcase classname="TestCases.VehicleSetupMasterTestCases" name="deleteData" time="11.733"/>
  <system-out/>
</testsuite> <!-- TestCases.VehicleSetupMasterTestCases -->
