<?xml version="1.0" encoding="UTF-8"?>
<!-- Generated by org.testng.reporters.JUnitReportReporter -->
<testsuite hostname="DESKTOP-JPSNKQ1" failures="0" tests="4" name="TestCases.WeightUnitMasterTestCases" time="7.329" errors="0" timestamp="2022-01-28T20:24:50 IST" skipped="0">
  <testcase classname="TestCases.WeightUnitMasterTestCases" name="Login" time="0.457"/>
  <system-out/>
  <testcase classname="TestCases.WeightUnitMasterTestCases" name="gotoMenu" time="4.392"/>
  <system-out/>
  <testcase classname="TestCases.WeightUnitMasterTestCases" name="verifyTitle" time="0.033"/>
  <system-out/>
  <testcase classname="TestCases.WeightUnitMasterTestCases" name="editData" time="2.447"/>
  <system-out/>
</testsuite> <!-- TestCases.WeightUnitMasterTestCases -->
