<?xml version="1.0" encoding="UTF-8"?>
<!-- Generated by org.testng.reporters.JUnitReportReporter -->
<testsuite hostname="DESKTOP-JPSNKQ1" failures="0" tests="10" name="TestCases.VehicleSubTestCases" time="31.697" errors="0" timestamp="2022-01-28T21:25:37 IST" skipped="0">
  <testcase classname="TestCases.VehicleSubTestCases" name="Login" time="0.482"/>
  <system-out/>
  <testcase classname="TestCases.VehicleSubTestCases" name="gotoMenu" time="6.258"/>
  <system-out/>
  <testcase classname="TestCases.VehicleSubTestCases" name="verifyTitle" time="0.040"/>
  <system-out/>
  <testcase classname="TestCases.VehicleSubTestCases" name="checkAddButton" time="1.382"/>
  <system-out/>
  <testcase classname="TestCases.VehicleSubTestCases" name="checkErrorMsg" time="1.062"/>
  <system-out/>
  <testcase classname="TestCases.VehicleSubTestCases" name="addData" time="2.747"/>
  <system-out/>
  <testcase classname="TestCases.VehicleSubTestCases" name="existData" time="2.406"/>
  <system-out/>
  <testcase classname="TestCases.VehicleSubTestCases" name="editData" time="2.997"/>
  <system-out/>
  <testcase classname="TestCases.VehicleSubTestCases" name="editExistData" time="2.748"/>
  <system-out/>
  <testcase classname="TestCases.VehicleSubTestCases" name="deleteData" time="11.575"/>
  <system-out/>
</testsuite> <!-- TestCases.VehicleSubTestCases -->
