<?xml version="1.0" encoding="UTF-8"?>
<!-- Generated by org.testng.reporters.JUnitReportReporter -->
<testsuite hostname="DESKTOP-JPSNKQ1" failures="0" tests="10" name="TestCases.PromotionMasterTestCases" time="28.567" errors="0" timestamp="2022-01-28T21:44:45 IST" skipped="0">
  <testcase classname="TestCases.PromotionMasterTestCases" name="Login" time="0.485"/>
  <system-out/>
  <testcase classname="TestCases.PromotionMasterTestCases" name="gotoMenu" time="4.322"/>
  <system-out/>
  <testcase classname="TestCases.PromotionMasterTestCases" name="verifyTitle" time="0.040"/>
  <system-out/>
  <testcase classname="TestCases.PromotionMasterTestCases" name="checkAddButton" time="1.129"/>
  <system-out/>
  <testcase classname="TestCases.PromotionMasterTestCases" name="checkErrorMsg" time="0.909"/>
  <system-out/>
  <testcase classname="TestCases.PromotionMasterTestCases" name="addData" time="2.404"/>
  <system-out/>
  <testcase classname="TestCases.PromotionMasterTestCases" name="existData" time="2.237"/>
  <system-out/>
  <testcase classname="TestCases.PromotionMasterTestCases" name="editData" time="2.707"/>
  <system-out/>
  <testcase classname="TestCases.PromotionMasterTestCases" name="editExistData" time="2.181"/>
  <system-out/>
  <testcase classname="TestCases.PromotionMasterTestCases" name="deleteData" time="12.153"/>
  <system-out/>
</testsuite> <!-- TestCases.PromotionMasterTestCases -->
