<?xml version="1.0" encoding="UTF-8"?>
<!-- Generated by org.testng.reporters.JUnitReportReporter -->
<testsuite hostname="DESKTOP-JPSNKQ1" failures="0" tests="10" name="TestCases.VehicleManufacturerMasterTestCases" time="30.898" errors="0" timestamp="2022-01-28T21:32:20 IST" skipped="0">
  <testcase classname="TestCases.VehicleManufacturerMasterTestCases" name="Login" time="0.475"/>
  <system-out/>
  <testcase classname="TestCases.VehicleManufacturerMasterTestCases" name="gotoMenu" time="5.552"/>
  <system-out/>
  <testcase classname="TestCases.VehicleManufacturerMasterTestCases" name="verifyTitle" time="0.041"/>
  <system-out/>
  <testcase classname="TestCases.VehicleManufacturerMasterTestCases" name="checkAddButton" time="1.375"/>
  <system-out/>
  <testcase classname="TestCases.VehicleManufacturerMasterTestCases" name="checkErrorMsg" time="0.978"/>
  <system-out/>
  <testcase classname="TestCases.VehicleManufacturerMasterTestCases" name="addData" time="2.061"/>
  <system-out/>
  <testcase classname="TestCases.VehicleManufacturerMasterTestCases" name="existData" time="2.447"/>
  <system-out/>
  <testcase classname="TestCases.VehicleManufacturerMasterTestCases" name="editExistData" time="2.577"/>
  <system-out/>
  <testcase classname="TestCases.VehicleManufacturerMasterTestCases" name="editData" time="2.929"/>
  <system-out/>
  <testcase classname="TestCases.VehicleManufacturerMasterTestCases" name="deleteData" time="12.463"/>
  <system-out/>
</testsuite> <!-- TestCases.VehicleManufacturerMasterTestCases -->
