<?xml version="1.0" encoding="UTF-8"?>
<!-- Generated by org.testng.reporters.JUnitReportReporter -->
<testsuite hostname="DESKTOP-JPSNKQ1" failures="0" tests="10" name="TestCases.FuelMasterTestCases" time="31.379" errors="0" timestamp="2022-02-01T15:42:29 IST" skipped="0">
  <testcase classname="TestCases.FuelMasterTestCases" name="Login" time="0.448"/>
  <system-out/>
  <testcase classname="TestCases.FuelMasterTestCases" name="gotoMenu" time="5.631"/>
  <system-out/>
  <testcase classname="TestCases.FuelMasterTestCases" name="verifyTitle" time="0.045"/>
  <system-out/>
  <testcase classname="TestCases.FuelMasterTestCases" name="checkAddButton" time="1.244"/>
  <system-out/>
  <testcase classname="TestCases.FuelMasterTestCases" name="checkErrorMsg" time="1.459"/>
  <system-out/>
  <testcase classname="TestCases.FuelMasterTestCases" name="addData" time="2.615"/>
  <system-out/>
  <testcase classname="TestCases.FuelMasterTestCases" name="existData" time="2.172"/>
  <system-out/>
  <testcase classname="TestCases.FuelMasterTestCases" name="editData" time="2.881"/>
  <system-out/>
  <testcase classname="TestCases.FuelMasterTestCases" name="editExistData" time="2.910"/>
  <system-out/>
  <testcase classname="TestCases.FuelMasterTestCases" name="deleteData" time="11.974"/>
  <system-out/>
</testsuite> <!-- TestCases.FuelMasterTestCases -->
