<?xml version="1.0" encoding="UTF-8"?>
<!-- Generated by org.testng.reporters.JUnitReportReporter -->
<testsuite hostname="DESKTOP-JPSNKQ1" failures="0" tests="10" name="TestCases.StopSellMasterTestCases" time="29.701" errors="0" timestamp="2022-01-28T21:43:13 IST" skipped="0">
  <testcase classname="TestCases.StopSellMasterTestCases" name="Login" time="0.391"/>
  <system-out/>
  <testcase classname="TestCases.StopSellMasterTestCases" name="gotoMenu" time="5.516"/>
  <system-out/>
  <testcase classname="TestCases.StopSellMasterTestCases" name="verifyTitle" time="0.031"/>
  <system-out/>
  <testcase classname="TestCases.StopSellMasterTestCases" name="checkAddButton" time="1.084"/>
  <system-out/>
  <testcase classname="TestCases.StopSellMasterTestCases" name="checkErrorMsg" time="1.134"/>
  <system-out/>
  <testcase classname="TestCases.StopSellMasterTestCases" name="addData" time="2.821"/>
  <system-out/>
  <testcase classname="TestCases.StopSellMasterTestCases" name="existData" time="2.029"/>
  <system-out/>
  <testcase classname="TestCases.StopSellMasterTestCases" name="editData" time="2.482"/>
  <system-out/>
  <testcase classname="TestCases.StopSellMasterTestCases" name="editExistData" time="2.472"/>
  <system-out/>
  <testcase classname="TestCases.StopSellMasterTestCases" name="deleteData" time="11.741"/>
  <system-out/>
</testsuite> <!-- TestCases.StopSellMasterTestCases -->
