<?xml version="1.0" encoding="UTF-8"?>
<!-- Generated by org.testng.reporters.JUnitReportReporter -->
<testsuite hostname="DESKTOP-JPSNKQ1" failures="0" tests="8" name="TestCases.LoginTestCases" time="4.875" errors="0" timestamp="2022-01-03T10:18:15 IST" skipped="0">
  <testcase classname="TestCases.LoginTestCases" name="verifyTitle" time="0.030"/>
  <system-out/>
  <testcase classname="TestCases.LoginTestCases" name="checkButton" time="0.120"/>
  <system-out/>
  <testcase classname="TestCases.LoginTestCases" name="userRequire" time="0.479"/>
  <system-out/>
  <testcase classname="TestCases.LoginTestCases" name="passwordRequire" time="0.246"/>
  <system-out/>
  <testcase classname="TestCases.LoginTestCases" name="passwordLenght" time="0.227"/>
  <system-out/>
  <testcase classname="TestCases.LoginTestCases" name="Login0" time="1.908"/>
  <system-out/>
  <testcase classname="TestCases.LoginTestCases" name="Login1" time="0.934"/>
  <system-out/>
  <testcase classname="TestCases.LoginTestCases" name="Login2" time="0.931"/>
  <system-out/>
</testsuite> <!-- TestCases.LoginTestCases -->
