<?xml version="1.0" encoding="UTF-8"?>
<!-- Generated by org.testng.reporters.JUnitReportReporter -->
<testsuite hostname="DESKTOP-JPSNKQ1" failures="0" tests="10" name="TestCases.VehicleMasterTestCases" time="29.039" errors="0" timestamp="2022-01-28T21:27:12 IST" skipped="0">
  <testcase classname="TestCases.VehicleMasterTestCases" name="Login" time="0.498"/>
  <system-out/>
  <testcase classname="TestCases.VehicleMasterTestCases" name="gotoMenu" time="5.903"/>
  <system-out/>
  <testcase classname="TestCases.VehicleMasterTestCases" name="verifyTitle" time="0.093"/>
  <system-out/>
  <testcase classname="TestCases.VehicleMasterTestCases" name="checkAddButton" time="0.808"/>
  <system-out/>
  <testcase classname="TestCases.VehicleMasterTestCases" name="checkErrorMsg" time="0.936"/>
  <system-out/>
  <testcase classname="TestCases.VehicleMasterTestCases" name="addData" time="1.932"/>
  <system-out/>
  <testcase classname="TestCases.VehicleMasterTestCases" name="existData" time="1.736"/>
  <system-out/>
  <testcase classname="TestCases.VehicleMasterTestCases" name="editData" time="2.510"/>
  <system-out/>
  <testcase classname="TestCases.VehicleMasterTestCases" name="editExistData" time="2.183"/>
  <system-out/>
  <testcase classname="TestCases.VehicleMasterTestCases" name="deleteData" time="12.440"/>
  <system-out/>
</testsuite> <!-- TestCases.VehicleMasterTestCases -->
