<?xml version="1.0" encoding="UTF-8"?>
<!-- Generated by org.testng.reporters.JUnitReportReporter -->
<testsuite hostname="DESKTOP-JPSNKQ1" failures="0" tests="10" name="TestCases.VehicleMasterTestCases" time="28.879" errors="0" timestamp="2022-02-02T16:32:31 IST" skipped="0">
  <testcase classname="TestCases.VehicleMasterTestCases" name="Login" time="6.198"/>
  <system-out/>
  <testcase classname="TestCases.VehicleMasterTestCases" name="gotoMenu" time="1.206"/>
  <system-out/>
  <testcase classname="TestCases.VehicleMasterTestCases" name="verifyTitle" time="0.295"/>
  <system-out/>
  <testcase classname="TestCases.VehicleMasterTestCases" name="checkAddButton" time="1.588"/>
  <system-out/>
  <testcase classname="TestCases.VehicleMasterTestCases" name="checkErrorMsg" time="1.763"/>
  <system-out/>
  <testcase classname="TestCases.VehicleMasterTestCases" name="addData" time="2.250"/>
  <system-out/>
  <testcase classname="TestCases.VehicleMasterTestCases" name="existData" time="2.702"/>
  <system-out/>
  <testcase classname="TestCases.VehicleMasterTestCases" name="editData" time="1.907"/>
  <system-out/>
  <testcase classname="TestCases.VehicleMasterTestCases" name="editExistData" time="3.682"/>
  <system-out/>
  <testcase classname="TestCases.VehicleMasterTestCases" name="deleteData" time="7.288"/>
  <system-out/>
</testsuite> <!-- TestCases.VehicleMasterTestCases -->
