<?xml version="1.0" encoding="UTF-8"?>
<!-- Generated by org.testng.reporters.JUnitReportReporter -->
<testsuite hostname="DESKTOP-JPSNKQ1" failures="0" tests="10" name="TestCases.WeightUnitMasterTestCases" time="29.059" errors="0" timestamp="2022-02-02T17:23:54 IST" skipped="0">
  <testcase classname="TestCases.WeightUnitMasterTestCases" name="Login" time="6.185"/>
  <system-out/>
  <testcase classname="TestCases.WeightUnitMasterTestCases" name="gotoMenu" time="1.011"/>
  <system-out/>
  <testcase classname="TestCases.WeightUnitMasterTestCases" name="verifyTitle" time="0.447"/>
  <system-out/>
  <testcase classname="TestCases.WeightUnitMasterTestCases" name="checkAddButton" time="1.143"/>
  <system-out/>
  <testcase classname="TestCases.WeightUnitMasterTestCases" name="checkErrorMsg" time="1.592"/>
  <system-out/>
  <testcase classname="TestCases.WeightUnitMasterTestCases" name="addData" time="2.546"/>
  <system-out/>
  <testcase classname="TestCases.WeightUnitMasterTestCases" name="existData" time="2.678"/>
  <system-out/>
  <testcase classname="TestCases.WeightUnitMasterTestCases" name="editData" time="2.934"/>
  <system-out/>
  <testcase classname="TestCases.WeightUnitMasterTestCases" name="editExistData" time="2.898"/>
  <system-out/>
  <testcase classname="TestCases.WeightUnitMasterTestCases" name="deleteData" time="7.625"/>
  <system-out/>
</testsuite> <!-- TestCases.WeightUnitMasterTestCases -->
