<?xml version="1.0" encoding="UTF-8"?>
<!-- Generated by org.testng.reporters.JUnitReportReporter -->
<testsuite hostname="DESKTOP-JPSNKQ1" failures="0" tests="8" name="TestCases.LoginTestCases" time="5.805" errors="0" timestamp="2022-01-02T23:11:15 IST" skipped="0">
  <testcase classname="TestCases.LoginTestCases" name="verifyTitle" time="0.033"/>
  <system-out/>
  <testcase classname="TestCases.LoginTestCases" name="checkButton" time="0.105"/>
  <system-out/>
  <testcase classname="TestCases.LoginTestCases" name="userRequire" time="0.330"/>
  <system-out/>
  <testcase classname="TestCases.LoginTestCases" name="passwordRequire" time="0.192"/>
  <system-out/>
  <testcase classname="TestCases.LoginTestCases" name="passwordLenght" time="0.242"/>
  <system-out/>
  <testcase classname="TestCases.LoginTestCases" name="Login0" time="2.828"/>
  <system-out/>
  <testcase classname="TestCases.LoginTestCases" name="Login1" time="1.026"/>
  <system-out/>
  <testcase classname="TestCases.LoginTestCases" name="Login2" time="1.049"/>
  <system-out/>
</testsuite> <!-- TestCases.LoginTestCases -->
