<?xml version="1.0" encoding="UTF-8"?>
<!-- Generated by org.testng.reporters.JUnitReportReporter -->
<testsuite hostname="DESKTOP-JPSNKQ1" failures="0" tests="10" name="TestCases.VehicleManufacturerMasterTestCases" time="28.579" errors="0" timestamp="2022-02-02T17:16:01 IST" skipped="0">
  <testcase classname="TestCases.VehicleManufacturerMasterTestCases" name="Login" time="5.611"/>
  <system-out/>
  <testcase classname="TestCases.VehicleManufacturerMasterTestCases" name="gotoMenu" time="1.116"/>
  <system-out/>
  <testcase classname="TestCases.VehicleManufacturerMasterTestCases" name="verifyTitle" time="0.327"/>
  <system-out/>
  <testcase classname="TestCases.VehicleManufacturerMasterTestCases" name="checkAddButton" time="1.439"/>
  <system-out/>
  <testcase classname="TestCases.VehicleManufacturerMasterTestCases" name="checkErrorMsg" time="1.988"/>
  <system-out/>
  <testcase classname="TestCases.VehicleManufacturerMasterTestCases" name="addData" time="2.753"/>
  <system-out/>
  <testcase classname="TestCases.VehicleManufacturerMasterTestCases" name="existData" time="2.883"/>
  <system-out/>
  <testcase classname="TestCases.VehicleManufacturerMasterTestCases" name="editData" time="2.470"/>
  <system-out/>
  <testcase classname="TestCases.VehicleManufacturerMasterTestCases" name="editExistData" time="3.038"/>
  <system-out/>
  <testcase classname="TestCases.VehicleManufacturerMasterTestCases" name="deleteData" time="6.954"/>
  <system-out/>
</testsuite> <!-- TestCases.VehicleManufacturerMasterTestCases -->
